<?xml version="1.0" encoding="UTF-8"?>
<testng-results skipped="0" failed="0" ignored="0" total="2" passed="2">
  <reporter-output>
  </reporter-output>
  <suite name="SeleniumBDDFramework" duration-ms="39699" started-at="2021-06-08T18:50:36Z" finished-at="2021-06-08T18:51:15Z">
    <groups>
      <group name="cucumber">
        <method signature="TestRunner.feature(cucumber.api.testng.CucumberFeatureWrapper)[pri:0, instance:Runner.TestRunner@ef9296d]" name="feature" class="Runner.TestRunner"/>
      </group> <!-- cucumber -->
    </groups>
    <test name="Test" duration-ms="39699" started-at="2021-06-08T18:50:36Z" finished-at="2021-06-08T18:51:15Z">
      <class name="Runner.TestRunner">
        <test-method status="PASS" signature="setUp()[pri:0, instance:Runner.TestRunner@ef9296d]" name="setUp" is-config="true" duration-ms="232" started-at="2021-06-08T18:50:36Z" finished-at="2021-06-08T18:50:36Z">
          <reporter-output>
          </reporter-output>
        </test-method> <!-- setUp -->
        <test-method status="PASS" signature="feature(cucumber.api.testng.CucumberFeatureWrapper)[pri:0, instance:Runner.TestRunner@ef9296d]" name="feature" duration-ms="12426" started-at="2021-06-08T18:50:36Z" description="Run Cucumber Test" data-provider="features" finished-at="2021-06-08T18:50:48Z">
          <params>
            <param index="0">
              <value>
                <![CDATA[Google Search For OTT Platform with Scenario Only]]>
              </value>
            </param>
          </params>
          <reporter-output>
          </reporter-output>
        </test-method> <!-- feature -->
        <test-method status="PASS" signature="feature(cucumber.api.testng.CucumberFeatureWrapper)[pri:0, instance:Runner.TestRunner@ef9296d]" name="feature" duration-ms="26898" started-at="2021-06-08T18:50:48Z" description="Run Cucumber Test" data-provider="features" finished-at="2021-06-08T18:51:15Z">
          <params>
            <param index="0">
              <value>
                <![CDATA[Google Search For OTT Platform with Scenario Outline]]>
              </value>
            </param>
          </params>
          <reporter-output>
          </reporter-output>
        </test-method> <!-- feature -->
        <test-method status="PASS" signature="tearDown()[pri:0, instance:Runner.TestRunner@ef9296d]" name="tearDown" is-config="true" duration-ms="6" started-at="2021-06-08T18:51:15Z" finished-at="2021-06-08T18:51:15Z">
          <reporter-output>
          </reporter-output>
        </test-method> <!-- tearDown -->
      </class> <!-- Runner.TestRunner -->
    </test> <!-- Test -->
  </suite> <!-- SeleniumBDDFramework -->
</testng-results>
