<?xml version="1.0" encoding="UTF-8"?>
<testng-results skipped="0" failed="0" ignored="0" total="1" passed="1">
  <reporter-output>
  </reporter-output>
  <suite name="Suite" duration-ms="12047" started-at="2021-06-09T18:55:31Z" finished-at="2021-06-09T18:55:43Z">
    <groups>
      <group name="cucumber">
        <method signature="TestRunner.feature(cucumber.api.testng.CucumberFeatureWrapper)[pri:0, instance:Runner.TestRunner@ef9296d]" name="feature" class="Runner.TestRunner"/>
      </group> <!-- cucumber -->
    </groups>
    <test name="Test" duration-ms="12047" started-at="2021-06-09T18:55:31Z" finished-at="2021-06-09T18:55:43Z">
      <class name="Runner.TestRunner">
        <test-method status="PASS" signature="setUp()[pri:0, instance:Runner.TestRunner@ef9296d]" name="setUp" is-config="true" duration-ms="299" started-at="2021-06-09T18:55:31Z" finished-at="2021-06-09T18:55:32Z">
          <reporter-output>
          </reporter-output>
        </test-method> <!-- setUp -->
        <test-method status="PASS" signature="feature(cucumber.api.testng.CucumberFeatureWrapper)[pri:0, instance:Runner.TestRunner@ef9296d]" name="feature" duration-ms="11473" started-at="2021-06-09T18:55:32Z" description="Run Cucumber Test" data-provider="features" finished-at="2021-06-09T18:55:43Z">
          <params>
            <param index="0">
              <value>
                <![CDATA[Automation Practice]]>
              </value>
            </param>
          </params>
          <reporter-output>
          </reporter-output>
        </test-method> <!-- feature -->
        <test-method status="PASS" signature="tearDown()[pri:0, instance:Runner.TestRunner@ef9296d]" name="tearDown" is-config="true" duration-ms="56" started-at="2021-06-09T18:55:43Z" finished-at="2021-06-09T18:55:43Z">
          <reporter-output>
          </reporter-output>
        </test-method> <!-- tearDown -->
      </class> <!-- Runner.TestRunner -->
    </test> <!-- Test -->
  </suite> <!-- Suite -->
</testng-results>
